[2020-09-03 17:21:32 +0800] [16913] [INFO] Starting gunicorn 20.0.4
[2020-09-03 17:21:32 +0800] [16913] [INFO] Listening at: http://0.0.0.0:60013 (16913)
[2020-09-03 17:21:32 +0800] [16913] [INFO] Using worker: conf.uvicorn_worker.UvicornWorker
[2020-09-03 17:21:32 +0800] [16948] [INFO] Booting worker with pid: 16948
[2020-09-03 17:21:32 +0800] [16949] [INFO] Booting worker with pid: 16949
[2020-09-03 17:21:32 +0800] [16950] [INFO] Booting worker with pid: 16950
[2020-09-03 17:21:34 +0800] [16948] [INFO] Started server process [16948]
[2020-09-03 17:21:34 +0800] [16949] [INFO] Started server process [16949]
[2020-09-03 17:21:34 +0800] [16950] [INFO] Started server process [16950]
[2020-09-03 17:24:58 +0800] [16913] [INFO] Handling signal: int
[2020-09-03 17:24:58 +0800] [16949] [INFO] Shutting down
[2020-09-03 17:24:58 +0800] [16949] [INFO] Error while closing socket [Errno 9] Bad file descriptor
[2020-09-03 17:24:58 +0800] [16950] [INFO] Shutting down
[2020-09-03 17:24:58 +0800] [16950] [INFO] Error while closing socket [Errno 9] Bad file descriptor
[2020-09-03 17:24:58 +0800] [16948] [INFO] Shutting down
[2020-09-03 17:24:58 +0800] [16948] [INFO] Error while closing socket [Errno 9] Bad file descriptor
[2020-09-03 17:24:58 +0800] [16949] [INFO] Finished server process [16949]
[2020-09-03 17:24:58 +0800] [16949] [INFO] Worker exiting (pid: 16949)
[2020-09-03 17:24:58 +0800] [16950] [INFO] Finished server process [16950]
[2020-09-03 17:24:58 +0800] [16950] [INFO] Worker exiting (pid: 16950)
[2020-09-03 17:24:58 +0800] [16948] [INFO] Finished server process [16948]
[2020-09-03 17:24:58 +0800] [16948] [INFO] Worker exiting (pid: 16948)
[2020-09-03 17:24:59 +0800] [16913] [INFO] Shutting down: Master
[2020-09-03 17:29:15 +0800] [17713] [INFO] Starting gunicorn 20.0.4
[2020-09-03 17:29:15 +0800] [17713] [INFO] Listening at: http://0.0.0.0:60013 (17713)
[2020-09-03 17:29:15 +0800] [17713] [INFO] Using worker: conf.uvicorn_worker.UvicornWorker
[2020-09-03 17:29:15 +0800] [17748] [INFO] Booting worker with pid: 17748
[2020-09-03 17:29:15 +0800] [17749] [INFO] Booting worker with pid: 17749
[2020-09-03 17:29:15 +0800] [17750] [INFO] Booting worker with pid: 17750
[2020-09-03 17:29:17 +0800] [17748] [INFO] Started server process [17748]
[2020-09-03 17:29:17 +0800] [17749] [INFO] Started server process [17749]
[2020-09-03 17:29:17 +0800] [17750] [INFO] Started server process [17750]
[2020-09-03 17:33:47 +0800] [17748] [INFO] Worker reloading: /home/workon/project/ddjango/day01/webchat/models.py modified
[2020-09-03 17:33:47 +0800] [17750] [INFO] Worker reloading: /home/workon/project/ddjango/day01/webchat/models.py modified
[2020-09-03 17:33:47 +0800] [17749] [INFO] Worker reloading: /home/workon/project/ddjango/day01/webchat/models.py modified
[2020-09-03 17:37:00 +0800] [17713] [INFO] Handling signal: int
[2020-09-03 17:37:00 +0800] [17750] [INFO] Shutting down
[2020-09-03 17:37:00 +0800] [17750] [INFO] Error while closing socket [Errno 9] Bad file descriptor
[2020-09-03 17:37:00 +0800] [17749] [INFO] Shutting down
[2020-09-03 17:37:00 +0800] [17749] [INFO] Error while closing socket [Errno 9] Bad file descriptor
[2020-09-03 17:37:00 +0800] [17748] [INFO] Shutting down
[2020-09-03 17:37:00 +0800] [17748] [INFO] Error while closing socket [Errno 9] Bad file descriptor
[2020-09-03 17:37:00 +0800] [17750] [INFO] Finished server process [17750]
[2020-09-03 17:37:00 +0800] [17750] [INFO] Worker exiting (pid: 17750)
[2020-09-03 17:37:00 +0800] [17749] [INFO] Finished server process [17749]
[2020-09-03 17:37:00 +0800] [17749] [INFO] Worker exiting (pid: 17749)
[2020-09-03 17:37:00 +0800] [17748] [INFO] Finished server process [17748]
[2020-09-03 17:37:00 +0800] [17748] [INFO] Worker exiting (pid: 17748)
[2020-09-03 17:37:01 +0800] [17713] [INFO] Shutting down: Master
[2020-09-03 17:37:03 +0800] [18531] [INFO] Starting gunicorn 20.0.4
[2020-09-03 17:37:03 +0800] [18531] [INFO] Listening at: http://0.0.0.0:60013 (18531)
[2020-09-03 17:37:03 +0800] [18531] [INFO] Using worker: conf.uvicorn_worker.UvicornWorker
[2020-09-03 17:37:03 +0800] [18566] [INFO] Booting worker with pid: 18566
[2020-09-03 17:37:03 +0800] [18567] [INFO] Booting worker with pid: 18567
[2020-09-03 17:37:03 +0800] [18568] [INFO] Booting worker with pid: 18568
[2020-09-03 17:37:04 +0800] [18531] [INFO] Handling signal: int
[2020-09-03 17:37:05 +0800] [18566] [INFO] Started server process [18566]
[2020-09-03 17:37:05 +0800] [18568] [INFO] Started server process [18568]
[2020-09-03 17:37:05 +0800] [18567] [INFO] Started server process [18567]
[2020-09-03 17:37:34 +0800] [18531] [INFO] Shutting down: Master
[2020-09-03 18:10:24 +0800] [21600] [INFO] Starting gunicorn 20.0.4
[2020-09-03 18:10:24 +0800] [21600] [INFO] Listening at: http://0.0.0.0:60013 (21600)
[2020-09-03 18:10:24 +0800] [21600] [INFO] Using worker: conf.uvicorn_worker.UvicornWorker
[2020-09-03 18:10:24 +0800] [21635] [INFO] Booting worker with pid: 21635
[2020-09-03 18:10:24 +0800] [21636] [INFO] Booting worker with pid: 21636
[2020-09-03 18:10:24 +0800] [21637] [INFO] Booting worker with pid: 21637
[2020-09-03 18:10:26 +0800] [21635] [INFO] Started server process [21635]
[2020-09-03 18:10:26 +0800] [21636] [INFO] Started server process [21636]
[2020-09-03 18:10:26 +0800] [21637] [INFO] Started server process [21637]
[2020-09-03 18:12:45 +0800] [21600] [INFO] Handling signal: int
[2020-09-03 18:12:45 +0800] [21635] [INFO] Shutting down
[2020-09-03 18:12:45 +0800] [21635] [INFO] Error while closing socket [Errno 9] Bad file descriptor
[2020-09-03 18:12:45 +0800] [21637] [INFO] Shutting down
[2020-09-03 18:12:45 +0800] [21637] [INFO] Error while closing socket [Errno 9] Bad file descriptor
[2020-09-03 18:12:45 +0800] [21636] [INFO] Shutting down
[2020-09-03 18:12:45 +0800] [21636] [INFO] Error while closing socket [Errno 9] Bad file descriptor
[2020-09-03 18:12:45 +0800] [21635] [INFO] Finished server process [21635]
[2020-09-03 18:12:45 +0800] [21635] [INFO] Worker exiting (pid: 21635)
[2020-09-03 18:12:45 +0800] [21637] [INFO] Finished server process [21637]
[2020-09-03 18:12:45 +0800] [21637] [INFO] Worker exiting (pid: 21637)
[2020-09-03 18:12:45 +0800] [21636] [INFO] Finished server process [21636]
[2020-09-03 18:12:45 +0800] [21636] [INFO] Worker exiting (pid: 21636)
[2020-09-03 18:12:46 +0800] [21600] [INFO] Shutting down: Master
[2020-09-03 18:12:50 +0800] [21931] [INFO] Starting gunicorn 20.0.4
[2020-09-03 18:12:50 +0800] [21931] [INFO] Listening at: http://0.0.0.0:60013 (21931)
[2020-09-03 18:12:50 +0800] [21931] [INFO] Using worker: conf.uvicorn_worker.UvicornWorker
[2020-09-03 18:12:50 +0800] [21966] [INFO] Booting worker with pid: 21966
[2020-09-03 18:12:50 +0800] [21967] [INFO] Booting worker with pid: 21967
[2020-09-03 18:12:50 +0800] [21968] [INFO] Booting worker with pid: 21968
[2020-09-03 18:12:52 +0800] [21966] [INFO] Started server process [21966]
[2020-09-03 18:12:52 +0800] [21967] [INFO] Started server process [21967]
[2020-09-03 18:12:53 +0800] [21968] [INFO] Started server process [21968]
[2020-09-03 18:13:04 +0800] [21931] [INFO] Handling signal: int
[2020-09-03 18:13:04 +0800] [21966] [INFO] Shutting down
[2020-09-03 18:13:04 +0800] [21966] [INFO] Error while closing socket [Errno 9] Bad file descriptor
[2020-09-03 18:13:04 +0800] [21968] [INFO] Shutting down
[2020-09-03 18:13:04 +0800] [21968] [INFO] Error while closing socket [Errno 9] Bad file descriptor
[2020-09-03 18:13:04 +0800] [21967] [INFO] Shutting down
[2020-09-03 18:13:04 +0800] [21967] [INFO] Error while closing socket [Errno 9] Bad file descriptor
[2020-09-03 18:13:04 +0800] [21966] [INFO] Finished server process [21966]
[2020-09-03 18:13:04 +0800] [21966] [INFO] Worker exiting (pid: 21966)
[2020-09-03 18:13:04 +0800] [21968] [INFO] Finished server process [21968]
[2020-09-03 18:13:04 +0800] [21968] [INFO] Worker exiting (pid: 21968)
[2020-09-03 18:13:04 +0800] [21967] [INFO] Finished server process [21967]
[2020-09-03 18:13:04 +0800] [21967] [INFO] Worker exiting (pid: 21967)
[2020-09-03 18:13:05 +0800] [21931] [INFO] Shutting down: Master
[2020-09-03 18:13:33 +0800] [22086] [INFO] Starting gunicorn 20.0.4
[2020-09-03 18:13:33 +0800] [22086] [INFO] Listening at: http://0.0.0.0:60013 (22086)
[2020-09-03 18:13:33 +0800] [22086] [INFO] Using worker: conf.uvicorn_worker.UvicornWorker
[2020-09-03 18:13:33 +0800] [22122] [INFO] Booting worker with pid: 22122
[2020-09-03 18:13:33 +0800] [22123] [INFO] Booting worker with pid: 22123
[2020-09-03 18:13:33 +0800] [22124] [INFO] Booting worker with pid: 22124
[2020-09-03 18:13:36 +0800] [22122] [INFO] Started server process [22122]
[2020-09-03 18:13:36 +0800] [22123] [INFO] Started server process [22123]
[2020-09-03 18:13:36 +0800] [22124] [INFO] Started server process [22124]
[2020-09-03 18:18:18 +0800] [22123] [INFO] Worker reloading: /home/workon/project/ddjango/day01/app02/__init__.py modified
[2020-09-03 18:18:19 +0800] [22124] [INFO] Worker reloading: /home/workon/project/ddjango/day01/app02/__init__.py modified
[2020-09-03 18:18:19 +0800] [22122] [INFO] Worker reloading: /home/workon/project/ddjango/day01/app02/__init__.py modified
[2020-09-03 18:22:18 +0800] [22086] [INFO] Handling signal: int
[2020-09-03 18:22:18 +0800] [22122] [INFO] Shutting down
[2020-09-03 18:22:18 +0800] [22122] [INFO] Error while closing socket [Errno 9] Bad file descriptor
[2020-09-03 18:22:19 +0800] [22123] [INFO] Shutting down
[2020-09-03 18:22:19 +0800] [22123] [INFO] Error while closing socket [Errno 9] Bad file descriptor
[2020-09-03 18:22:19 +0800] [22124] [INFO] Shutting down
[2020-09-03 18:22:19 +0800] [22124] [INFO] Error while closing socket [Errno 9] Bad file descriptor
[2020-09-03 18:22:19 +0800] [22122] [INFO] Finished server process [22122]
[2020-09-03 18:22:19 +0800] [22122] [INFO] Worker exiting (pid: 22122)
[2020-09-03 18:22:19 +0800] [22123] [INFO] Finished server process [22123]
[2020-09-03 18:22:19 +0800] [22123] [INFO] Worker exiting (pid: 22123)
[2020-09-03 18:22:19 +0800] [22124] [INFO] Finished server process [22124]
[2020-09-03 18:22:19 +0800] [22124] [INFO] Worker exiting (pid: 22124)
[2020-09-03 18:22:19 +0800] [22086] [INFO] Shutting down: Master
[2020-09-03 18:22:22 +0800] [23015] [INFO] Starting gunicorn 20.0.4
[2020-09-03 18:22:22 +0800] [23015] [INFO] Listening at: http://0.0.0.0:60013 (23015)
[2020-09-03 18:22:22 +0800] [23015] [INFO] Using worker: conf.uvicorn_worker.UvicornWorker
[2020-09-03 18:22:22 +0800] [23051] [INFO] Booting worker with pid: 23051
[2020-09-03 18:22:22 +0800] [23052] [INFO] Booting worker with pid: 23052
[2020-09-03 18:22:22 +0800] [23053] [INFO] Booting worker with pid: 23053
[2020-09-03 18:22:24 +0800] [23051] [INFO] Started server process [23051]
[2020-09-03 18:22:24 +0800] [23052] [INFO] Started server process [23052]
[2020-09-03 18:22:25 +0800] [23053] [INFO] Started server process [23053]
[2020-09-03 18:23:52 +0800] [23015] [INFO] Handling signal: int
[2020-09-03 18:23:52 +0800] [23051] [INFO] Shutting down
[2020-09-03 18:23:52 +0800] [23051] [INFO] Error while closing socket [Errno 9] Bad file descriptor
[2020-09-03 18:23:52 +0800] [23052] [INFO] Shutting down
[2020-09-03 18:23:52 +0800] [23052] [INFO] Error while closing socket [Errno 9] Bad file descriptor
[2020-09-03 18:23:52 +0800] [23053] [INFO] Shutting down
[2020-09-03 18:23:52 +0800] [23053] [INFO] Error while closing socket [Errno 9] Bad file descriptor
[2020-09-03 18:23:52 +0800] [23051] [INFO] Finished server process [23051]
[2020-09-03 18:23:52 +0800] [23051] [INFO] Worker exiting (pid: 23051)
[2020-09-03 18:23:52 +0800] [23052] [INFO] Finished server process [23052]
[2020-09-03 18:23:52 +0800] [23052] [INFO] Worker exiting (pid: 23052)
[2020-09-03 18:23:52 +0800] [23053] [INFO] Finished server process [23053]
[2020-09-03 18:23:52 +0800] [23053] [INFO] Worker exiting (pid: 23053)
[2020-09-03 18:23:52 +0800] [23015] [INFO] Shutting down: Master
[2020-09-03 18:23:55 +0800] [23261] [INFO] Starting gunicorn 20.0.4
[2020-09-03 18:23:55 +0800] [23261] [INFO] Listening at: http://0.0.0.0:60013 (23261)
[2020-09-03 18:23:55 +0800] [23261] [INFO] Using worker: conf.uvicorn_worker.UvicornWorker
[2020-09-03 18:23:55 +0800] [23296] [INFO] Booting worker with pid: 23296
[2020-09-03 18:23:55 +0800] [23297] [INFO] Booting worker with pid: 23297
[2020-09-03 18:23:55 +0800] [23298] [INFO] Booting worker with pid: 23298
[2020-09-03 18:23:58 +0800] [23296] [INFO] Started server process [23296]
[2020-09-03 18:23:58 +0800] [23297] [INFO] Started server process [23297]
[2020-09-03 18:23:58 +0800] [23298] [INFO] Started server process [23298]
[2020-09-03 18:26:06 +0800] [23297] [INFO] ('1.119.145.46', 55689) - "WebSocket /ws/chat/xxoooxx/" [accepted]
[2020-09-03 18:29:30 +0800] [23261] [INFO] Handling signal: int
[2020-09-03 18:29:30 +0800] [23298] [INFO] Shutting down
[2020-09-03 18:29:30 +0800] [23298] [INFO] Error while closing socket [Errno 9] Bad file descriptor
[2020-09-03 18:29:30 +0800] [23297] [INFO] Shutting down
[2020-09-03 18:29:30 +0800] [23297] [INFO] Error while closing socket [Errno 9] Bad file descriptor
[2020-09-03 18:29:30 +0800] [23296] [INFO] Shutting down
[2020-09-03 18:29:30 +0800] [23296] [INFO] Error while closing socket [Errno 9] Bad file descriptor
[2020-09-03 18:29:30 +0800] [23298] [INFO] Finished server process [23298]
[2020-09-03 18:29:30 +0800] [23298] [INFO] Worker exiting (pid: 23298)
[2020-09-03 18:29:30 +0800] [23297] [INFO] Finished server process [23297]
[2020-09-03 18:29:30 +0800] [23297] [INFO] Worker exiting (pid: 23297)
[2020-09-03 18:29:30 +0800] [23296] [INFO] Finished server process [23296]
[2020-09-03 18:29:30 +0800] [23296] [INFO] Worker exiting (pid: 23296)
[2020-09-03 18:29:31 +0800] [23261] [INFO] Shutting down: Master
