[2020-09-01 11:24:08,566: WARNING/ForkPoolWorker-6] 读了
[2020-09-01 11:24:09,067: WARNING/ForkPoolWorker-6] 读了
[2020-09-01 11:24:09,567: WARNING/ForkPoolWorker-6] 读了
[2020-09-01 11:24:10,068: WARNING/ForkPoolWorker-6] 读了
[2020-09-01 11:24:10,569: WARNING/ForkPoolWorker-6] 读了
[2020-09-01 11:24:11,070: WARNING/ForkPoolWorker-6] 读了
[2020-09-01 11:24:11,571: WARNING/ForkPoolWorker-6] 读了
[2020-09-01 11:24:12,072: WARNING/ForkPoolWorker-6] 读了
[2020-09-01 11:24:12,573: WARNING/ForkPoolWorker-6] 读了
[2020-09-01 11:24:13,074: WARNING/ForkPoolWorker-6] 读了
[2020-09-01 11:24:13,575: WARNING/ForkPoolWorker-6] 读了
[2020-09-01 11:24:14,076: WARNING/ForkPoolWorker-6] 读了
[2020-09-01 11:24:14,577: WARNING/ForkPoolWorker-6] 读了
[2020-09-01 11:24:15,078: WARNING/ForkPoolWorker-6] 读了
[2020-09-01 11:24:15,579: WARNING/ForkPoolWorker-6] 读了
[2020-09-01 11:24:16,080: WARNING/ForkPoolWorker-6] 读了
[2020-09-01 11:24:16,580: WARNING/ForkPoolWorker-6] 读了
[2020-09-01 11:24:17,081: WARNING/ForkPoolWorker-6] 读了
[2020-09-01 11:24:17,588: WARNING/ForkPoolWorker-6] 读了
[2020-09-01 11:24:18,089: WARNING/ForkPoolWorker-6] 读了
[2020-09-01 11:24:18,590: WARNING/ForkPoolWorker-6] 读了
[2020-09-01 11:24:19,091: WARNING/ForkPoolWorker-6] 读了
[2020-09-01 11:24:19,592: WARNING/ForkPoolWorker-6] 读了
[2020-09-01 11:24:20,093: WARNING/ForkPoolWorker-6] 读了
[2020-09-01 11:24:20,594: WARNING/ForkPoolWorker-6] 读了
[2020-09-01 11:24:21,095: WARNING/ForkPoolWorker-6] 读了
[2020-09-01 11:24:21,595: WARNING/ForkPoolWorker-6] 读了
[2020-09-01 11:24:22,096: WARNING/ForkPoolWorker-6] 读了
[2020-09-01 11:24:22,597: WARNING/ForkPoolWorker-6] 读了
[2020-09-01 11:24:23,098: WARNING/ForkPoolWorker-6] 读了
[2020-09-01 11:24:23,599: WARNING/ForkPoolWorker-6] 读了
[2020-09-01 11:24:24,100: WARNING/ForkPoolWorker-6] 读了
[2020-09-01 11:24:24,601: WARNING/ForkPoolWorker-6] 读了
[2020-09-01 11:24:25,102: WARNING/ForkPoolWorker-6] 读了
[2020-09-01 11:24:25,603: WARNING/ForkPoolWorker-6] 读了
[2020-09-01 11:24:26,104: WARNING/ForkPoolWorker-6] 读了
[2020-09-01 11:24:26,605: WARNING/ForkPoolWorker-6] 读了
[2020-09-01 11:24:27,106: WARNING/ForkPoolWorker-6] 读了
[2020-09-01 11:24:27,607: WARNING/ForkPoolWorker-6] 读了
[2020-09-01 11:24:28,108: WARNING/ForkPoolWorker-6] 读了
[2020-09-01 11:24:28,609: WARNING/ForkPoolWorker-6] 读了
[2020-09-01 11:24:29,110: WARNING/ForkPoolWorker-6] 读了
[2020-09-01 11:24:29,610: WARNING/ForkPoolWorker-6] 读了
[2020-09-01 11:24:30,111: WARNING/ForkPoolWorker-6] 读了
[2020-09-01 11:24:30,612: WARNING/ForkPoolWorker-6] 读了
[2020-09-01 11:24:31,113: WARNING/ForkPoolWorker-6] 读了
[2020-09-01 11:24:31,614: WARNING/ForkPoolWorker-6] 读了
[2020-09-01 11:24:32,115: WARNING/ForkPoolWorker-6] 读了
[2020-09-01 11:24:32,615: WARNING/ForkPoolWorker-6] 读了
[2020-09-01 11:24:33,116: WARNING/ForkPoolWorker-6] 读了
[2020-09-01 11:24:33,617: WARNING/ForkPoolWorker-6] 读了
[2020-09-01 11:24:34,118: WARNING/ForkPoolWorker-6] 读了
[2020-09-01 11:24:34,619: WARNING/ForkPoolWorker-6] 读了
[2020-09-01 11:24:35,120: WARNING/ForkPoolWorker-6] 读了
[2020-09-01 11:24:35,621: WARNING/ForkPoolWorker-6] 读了
[2020-09-01 11:24:36,122: WARNING/ForkPoolWorker-6] 读了
[2020-09-01 11:24:36,622: WARNING/ForkPoolWorker-6] 读了
[2020-09-01 11:24:37,123: WARNING/ForkPoolWorker-6] 读了
[2020-09-01 11:24:37,624: WARNING/ForkPoolWorker-6] 读了
[2020-09-01 11:24:38,125: WARNING/ForkPoolWorker-6] 读了
[2020-09-01 11:24:38,626: WARNING/ForkPoolWorker-6] 读了
[2020-09-01 11:24:39,127: WARNING/ForkPoolWorker-6] 读了
[2020-09-01 11:24:39,628: WARNING/ForkPoolWorker-6] 读了
[2020-09-01 11:24:40,129: WARNING/ForkPoolWorker-6] 读了
[2020-09-01 11:24:40,629: WARNING/ForkPoolWorker-6] 读了
[2020-09-01 11:24:41,130: WARNING/ForkPoolWorker-6] 读了
[2020-09-01 11:24:41,632: WARNING/ForkPoolWorker-6] 读了
[2020-09-01 11:24:42,132: WARNING/ForkPoolWorker-6] 读了
[2020-09-01 11:24:42,633: WARNING/ForkPoolWorker-6] 读了
[2020-09-01 11:24:43,134: WARNING/ForkPoolWorker-6] 读了
[2020-09-01 11:24:43,635: WARNING/ForkPoolWorker-6] 读了
[2020-09-01 11:24:44,136: WARNING/ForkPoolWorker-6] 读了
[2020-09-01 11:24:44,637: WARNING/ForkPoolWorker-6] 读了
[2020-09-01 11:24:45,138: WARNING/ForkPoolWorker-6] 读了
[2020-09-01 11:24:45,639: WARNING/ForkPoolWorker-6] 读了
[2020-09-01 11:24:46,139: WARNING/ForkPoolWorker-6] 读了
[2020-09-01 11:24:46,640: WARNING/ForkPoolWorker-6] 读了
[2020-09-01 11:24:47,141: WARNING/ForkPoolWorker-6] 读了
[2020-09-01 11:24:47,642: WARNING/ForkPoolWorker-6] 读了
[2020-09-01 11:24:48,143: WARNING/ForkPoolWorker-6] 读了
[2020-09-01 11:24:48,644: WARNING/ForkPoolWorker-6] 读了
[2020-09-01 11:24:49,145: WARNING/ForkPoolWorker-6] 读了
[2020-09-01 11:24:49,646: WARNING/ForkPoolWorker-6] 读了
[2020-09-01 11:24:50,147: WARNING/ForkPoolWorker-6] 读了
[2020-09-01 11:24:50,648: WARNING/ForkPoolWorker-6] 读了
[2020-09-01 11:24:51,149: WARNING/ForkPoolWorker-6] 读了
[2020-09-01 11:24:51,649: WARNING/ForkPoolWorker-6] 读了
[2020-09-01 11:24:52,150: WARNING/ForkPoolWorker-6] 读了
[2020-09-01 11:24:52,651: WARNING/ForkPoolWorker-6] 读了
[2020-09-01 11:24:53,152: WARNING/ForkPoolWorker-6] 读了
[2020-09-01 11:24:53,652: WARNING/ForkPoolWorker-6] 读了
[2020-09-01 11:24:54,153: WARNING/ForkPoolWorker-6] 读了
[2020-09-01 11:24:54,654: WARNING/ForkPoolWorker-6] 读了
[2020-09-01 11:24:55,155: WARNING/ForkPoolWorker-6] 读了
[2020-09-01 11:24:55,656: WARNING/ForkPoolWorker-6] 读了
[2020-09-01 11:24:56,157: WARNING/ForkPoolWorker-6] 读了
[2020-09-01 11:24:56,658: WARNING/ForkPoolWorker-6] 读了
[2020-09-01 11:24:57,163: WARNING/ForkPoolWorker-6] 读了
[2020-09-01 11:24:57,664: WARNING/ForkPoolWorker-6] 读了
[2020-09-01 11:24:58,165: WARNING/ForkPoolWorker-6] 读了
[2020-09-01 11:24:58,666: WARNING/ForkPoolWorker-6] 读了
[2020-09-01 11:24:59,167: WARNING/ForkPoolWorker-6] 读了
[2020-09-01 11:24:59,668: WARNING/ForkPoolWorker-6] 读了
[2020-09-01 11:25:00,169: WARNING/ForkPoolWorker-6] 读了
[2020-09-01 11:25:00,670: WARNING/ForkPoolWorker-6] 读了
[2020-09-01 11:25:01,171: WARNING/ForkPoolWorker-6] 读了
[2020-09-01 11:25:01,672: WARNING/ForkPoolWorker-6] 读了
[2020-09-01 11:25:02,173: WARNING/ForkPoolWorker-6] 读了
[2020-09-01 11:25:02,674: WARNING/ForkPoolWorker-6] 读了
[2020-09-01 11:25:03,175: WARNING/ForkPoolWorker-6] 读了
[2020-09-01 11:25:03,676: WARNING/ForkPoolWorker-6] 读了
[2020-09-01 11:25:04,177: WARNING/ForkPoolWorker-6] 读了
[2020-09-01 11:25:04,677: WARNING/ForkPoolWorker-6] 读了
[2020-09-01 11:25:05,179: WARNING/ForkPoolWorker-6] 读了
[2020-09-01 11:25:05,680: WARNING/ForkPoolWorker-6] 读了
[2020-09-01 11:25:06,181: WARNING/ForkPoolWorker-6] 读了
[2020-09-01 11:25:06,682: WARNING/ForkPoolWorker-6] 读了
[2020-09-01 11:25:07,183: WARNING/ForkPoolWorker-6] 读了
[2020-09-01 11:25:07,684: WARNING/ForkPoolWorker-6] 读了
[2020-09-01 11:25:08,185: WARNING/ForkPoolWorker-6] 读了
[2020-09-01 11:25:08,686: WARNING/ForkPoolWorker-6] 读了
[2020-09-01 11:25:09,187: WARNING/ForkPoolWorker-6] 读了
[2020-09-01 11:25:09,688: WARNING/ForkPoolWorker-6] 读了
[2020-09-01 11:25:10,189: WARNING/ForkPoolWorker-6] 读了
[2020-09-01 11:25:10,690: WARNING/ForkPoolWorker-6] 读了
[2020-09-01 11:25:11,191: WARNING/ForkPoolWorker-6] 读了
[2020-09-01 11:25:11,692: WARNING/ForkPoolWorker-6] 读了
[2020-09-01 11:25:12,193: WARNING/ForkPoolWorker-6] 读了
[2020-09-01 11:25:12,694: WARNING/ForkPoolWorker-6] 读了
[2020-09-01 11:25:13,202: WARNING/ForkPoolWorker-6] 读了
[2020-09-01 11:25:13,703: WARNING/ForkPoolWorker-6] 读了
[2020-09-01 11:25:14,204: WARNING/ForkPoolWorker-6] 读了
[2020-09-01 11:25:14,705: WARNING/ForkPoolWorker-6] 读了
[2020-09-01 11:25:15,206: WARNING/ForkPoolWorker-6] 读了
[2020-09-01 11:25:15,707: WARNING/ForkPoolWorker-6] 读了
[2020-09-01 11:25:16,208: WARNING/ForkPoolWorker-6] 读了
[2020-09-01 11:25:16,709: WARNING/ForkPoolWorker-6] 读了
[2020-09-01 11:25:17,210: WARNING/ForkPoolWorker-6] 读了
[2020-09-01 11:25:17,711: WARNING/ForkPoolWorker-6] 读了
[2020-09-01 11:25:18,212: WARNING/ForkPoolWorker-6] 读了
[2020-09-01 11:25:18,713: WARNING/ForkPoolWorker-6] 读了
[2020-09-01 11:25:19,214: WARNING/ForkPoolWorker-6] 读了
[2020-09-01 11:25:19,715: WARNING/ForkPoolWorker-6] 读了
[2020-09-01 11:25:20,216: WARNING/ForkPoolWorker-6] 读了
[2020-09-01 11:25:20,717: WARNING/ForkPoolWorker-6] 读了
[2020-09-01 11:25:21,217: WARNING/ForkPoolWorker-6] 读了
[2020-09-01 11:25:21,718: WARNING/ForkPoolWorker-6] 读了
[2020-09-01 11:25:22,219: WARNING/ForkPoolWorker-6] 读了
[2020-09-01 11:25:22,720: WARNING/ForkPoolWorker-6] 读了
[2020-09-01 11:25:23,221: WARNING/ForkPoolWorker-6] 读了
[2020-09-01 11:25:23,722: WARNING/ForkPoolWorker-6] 读了
[2020-09-01 11:25:24,223: WARNING/ForkPoolWorker-6] 读了
[2020-09-01 11:25:24,724: WARNING/ForkPoolWorker-6] 读了
[2020-09-01 11:25:25,225: WARNING/ForkPoolWorker-6] 读了
[2020-09-01 11:25:25,726: WARNING/ForkPoolWorker-6] 读了
[2020-09-01 11:25:26,226: WARNING/ForkPoolWorker-6] 读了
[2020-09-01 11:25:26,727: WARNING/ForkPoolWorker-6] 读了
[2020-09-01 11:25:27,228: WARNING/ForkPoolWorker-6] 读了
[2020-09-01 11:25:27,729: WARNING/ForkPoolWorker-6] 读了
[2020-09-01 11:25:28,230: WARNING/ForkPoolWorker-6] 读了
[2020-09-01 11:25:28,731: WARNING/ForkPoolWorker-6] 读了
[2020-09-01 11:25:29,232: WARNING/ForkPoolWorker-6] 读了
[2020-09-01 11:25:29,733: WARNING/ForkPoolWorker-6] 读了
[2020-09-01 11:25:30,234: WARNING/ForkPoolWorker-6] 读了
[2020-09-01 11:25:30,735: WARNING/ForkPoolWorker-6] 读了
[2020-09-01 11:25:31,236: WARNING/ForkPoolWorker-6] 读了
[2020-09-01 11:25:31,737: WARNING/ForkPoolWorker-6] 读了
[2020-09-01 11:25:32,238: WARNING/ForkPoolWorker-6] 读了
[2020-09-01 11:25:32,738: WARNING/ForkPoolWorker-6] 读了
[2020-09-01 11:25:33,239: WARNING/ForkPoolWorker-6] 读了
[2020-09-01 11:25:33,740: WARNING/ForkPoolWorker-6] 读了
[2020-09-01 11:25:34,241: WARNING/ForkPoolWorker-6] 读了
[2020-09-01 11:25:34,742: WARNING/ForkPoolWorker-6] 读了
[2020-09-01 11:25:35,243: WARNING/ForkPoolWorker-6] 读了
[2020-09-01 11:25:35,744: WARNING/ForkPoolWorker-6] 读了
[2020-09-01 11:25:36,245: WARNING/ForkPoolWorker-6] 读了
[2020-09-01 11:25:36,745: WARNING/ForkPoolWorker-6] 读了
[2020-09-01 11:25:37,251: WARNING/ForkPoolWorker-6] 读了
[2020-09-01 11:25:37,752: WARNING/ForkPoolWorker-6] 读了
[2020-09-01 11:25:38,253: WARNING/ForkPoolWorker-6] 读了
[2020-09-01 11:25:38,753: WARNING/ForkPoolWorker-6] 读了
[2020-09-01 11:25:39,254: WARNING/ForkPoolWorker-6] 读了
[2020-09-01 11:25:39,755: WARNING/ForkPoolWorker-6] 读了
[2020-09-01 11:25:40,256: WARNING/ForkPoolWorker-6] 读了
[2020-09-01 11:25:40,757: WARNING/ForkPoolWorker-6] 读了
[2020-09-01 11:25:41,258: WARNING/ForkPoolWorker-6] 读了
[2020-09-01 11:25:41,759: WARNING/ForkPoolWorker-6] 读了
[2020-09-01 11:25:42,260: WARNING/ForkPoolWorker-6] 读了
[2020-09-01 11:25:42,761: WARNING/ForkPoolWorker-6] 读了
[2020-09-01 11:25:43,262: WARNING/ForkPoolWorker-6] 读了
[2020-09-01 11:25:43,762: WARNING/ForkPoolWorker-6] 读了
[2020-09-01 11:25:44,263: WARNING/ForkPoolWorker-6] 读了
[2020-09-01 11:25:44,764: WARNING/ForkPoolWorker-6] 读了
[2020-09-01 11:25:45,265: WARNING/ForkPoolWorker-6] 读了
[2020-09-01 11:25:45,766: WARNING/ForkPoolWorker-6] 读了
[2020-09-01 11:25:46,267: WARNING/ForkPoolWorker-6] 读了
[2020-09-01 11:25:46,768: WARNING/ForkPoolWorker-6] 读了
[2020-09-01 11:25:47,269: WARNING/ForkPoolWorker-6] 读了
[2020-09-01 11:25:47,770: WARNING/ForkPoolWorker-6] 读了
[2020-09-01 11:25:48,271: WARNING/ForkPoolWorker-6] 读了
[2020-09-01 11:25:48,771: WARNING/ForkPoolWorker-6] 读了
[2020-09-01 11:25:49,272: WARNING/ForkPoolWorker-6] 读了
[2020-09-01 11:25:49,773: WARNING/ForkPoolWorker-6] 读了
[2020-09-01 11:25:50,274: WARNING/ForkPoolWorker-6] 读了
[2020-09-01 11:25:50,775: WARNING/ForkPoolWorker-6] 读了
[2020-09-01 11:25:51,276: WARNING/ForkPoolWorker-6] 读了
[2020-09-01 11:25:51,777: WARNING/ForkPoolWorker-6] 读了
[2020-09-01 11:25:52,278: WARNING/ForkPoolWorker-6] 读了
[2020-09-01 11:25:52,779: WARNING/ForkPoolWorker-6] 读了
[2020-09-01 11:25:53,281: WARNING/ForkPoolWorker-6] 读了
[2020-09-01 11:25:53,782: WARNING/ForkPoolWorker-6] 读了
[2020-09-01 11:25:54,282: WARNING/ForkPoolWorker-6] 读了
[2020-09-01 11:25:54,783: WARNING/ForkPoolWorker-6] 读了
[2020-09-01 11:25:55,284: WARNING/ForkPoolWorker-6] 读了
[2020-09-01 11:25:55,784: WARNING/ForkPoolWorker-6] 读了
[2020-09-01 11:25:56,285: WARNING/ForkPoolWorker-6] 读了
[2020-09-01 11:25:56,786: WARNING/ForkPoolWorker-6] 读了
[2020-09-01 11:25:57,287: WARNING/ForkPoolWorker-6] 读了
[2020-09-01 11:25:57,788: WARNING/ForkPoolWorker-6] 读了
[2020-09-01 11:25:58,289: WARNING/ForkPoolWorker-6] 读了
[2020-09-01 11:25:58,790: WARNING/ForkPoolWorker-6] 读了
[2020-09-01 11:25:59,291: WARNING/ForkPoolWorker-6] 读了
[2020-09-01 11:25:59,792: WARNING/ForkPoolWorker-6] 读了
[2020-09-01 11:26:00,293: WARNING/ForkPoolWorker-6] 读了
[2020-09-01 11:26:00,793: WARNING/ForkPoolWorker-6] 读了
[2020-09-01 11:26:01,294: WARNING/ForkPoolWorker-6] 读了
[2020-09-01 11:26:01,795: WARNING/ForkPoolWorker-6] 读了
[2020-09-01 11:26:02,296: WARNING/ForkPoolWorker-6] 读了
[2020-09-01 11:26:02,797: WARNING/ForkPoolWorker-6] 读了
[2020-09-01 11:26:03,298: WARNING/ForkPoolWorker-6] 读了
[2020-09-01 11:26:03,799: WARNING/ForkPoolWorker-6] 读了
[2020-09-01 11:26:04,299: WARNING/ForkPoolWorker-6] 读了
[2020-09-01 11:26:04,800: WARNING/ForkPoolWorker-6] 读了
[2020-09-01 11:26:05,301: WARNING/ForkPoolWorker-6] 读了
[2020-09-01 11:26:05,802: WARNING/ForkPoolWorker-6] 读了
[2020-09-01 11:26:06,302: WARNING/ForkPoolWorker-6] 读了
[2020-09-01 11:26:06,803: WARNING/ForkPoolWorker-6] 读了
[2020-09-01 11:26:07,304: WARNING/ForkPoolWorker-6] 读了
[2020-09-01 11:26:07,805: WARNING/ForkPoolWorker-6] 读了
[2020-09-01 11:26:08,306: WARNING/ForkPoolWorker-6] 读了
[2020-09-01 11:26:08,807: WARNING/ForkPoolWorker-6] 读了
[2020-09-01 11:26:09,308: WARNING/ForkPoolWorker-6] 读了
[2020-09-01 11:26:09,809: WARNING/ForkPoolWorker-6] 读了
[2020-09-01 11:26:10,310: WARNING/ForkPoolWorker-6] 读了
[2020-09-01 11:26:10,810: WARNING/ForkPoolWorker-6] 读了
[2020-09-01 11:26:11,311: WARNING/ForkPoolWorker-6] 读了
[2020-09-01 11:26:11,812: WARNING/ForkPoolWorker-6] 读了
[2020-09-01 11:26:12,313: WARNING/ForkPoolWorker-6] 读了
[2020-09-01 11:26:12,814: WARNING/ForkPoolWorker-6] 读了
[2020-09-01 11:26:13,315: WARNING/ForkPoolWorker-6] 读了
[2020-09-01 11:26:13,816: WARNING/ForkPoolWorker-6] 读了
[2020-09-01 11:26:14,317: WARNING/ForkPoolWorker-6] 读了
[2020-09-01 11:26:14,817: WARNING/ForkPoolWorker-6] 读了
[2020-09-01 11:26:15,318: WARNING/ForkPoolWorker-6] 读了
[2020-09-01 11:26:15,819: WARNING/ForkPoolWorker-6] 读了
[2020-09-01 11:26:16,320: WARNING/ForkPoolWorker-6] 读了
[2020-09-01 11:26:16,822: WARNING/ForkPoolWorker-6] 读了
[2020-09-01 11:26:17,323: WARNING/ForkPoolWorker-6] 读了
[2020-09-01 11:26:17,824: WARNING/ForkPoolWorker-6] 读了
[2020-09-01 11:26:18,325: WARNING/ForkPoolWorker-6] 读了
[2020-09-01 11:26:18,826: WARNING/ForkPoolWorker-6] 读了
[2020-09-01 11:26:19,327: WARNING/ForkPoolWorker-6] 读了
[2020-09-01 11:26:19,828: WARNING/ForkPoolWorker-6] 读了
[2020-09-01 11:26:20,329: WARNING/ForkPoolWorker-6] 读了
[2020-09-01 11:26:20,830: WARNING/ForkPoolWorker-6] 读了
[2020-09-01 11:26:21,332: WARNING/ForkPoolWorker-6] 读了
[2020-09-01 11:26:21,832: WARNING/ForkPoolWorker-6] 读了
[2020-09-01 11:26:22,333: WARNING/ForkPoolWorker-6] 读了
[2020-09-01 11:26:22,834: WARNING/ForkPoolWorker-6] 读了
[2020-09-01 11:26:23,335: WARNING/ForkPoolWorker-6] 读了
[2020-09-01 11:26:23,836: WARNING/ForkPoolWorker-6] 读了
[2020-09-01 11:26:24,337: WARNING/ForkPoolWorker-6] 读了
[2020-09-01 11:26:24,842: WARNING/ForkPoolWorker-6] 读了
[2020-09-01 11:26:25,343: WARNING/ForkPoolWorker-6] 读了
[2020-09-01 11:26:25,844: WARNING/ForkPoolWorker-6] 读了
[2020-09-01 11:26:26,344: WARNING/ForkPoolWorker-6] 读了
[2020-09-01 11:26:26,845: WARNING/ForkPoolWorker-6] 读了
[2020-09-01 11:26:27,346: WARNING/ForkPoolWorker-6] 读了
[2020-09-01 11:26:27,847: WARNING/ForkPoolWorker-6] 读了
[2020-09-01 11:26:28,348: WARNING/ForkPoolWorker-6] 读了
[2020-09-01 11:26:28,849: WARNING/ForkPoolWorker-6] 读了
[2020-09-01 11:26:29,350: WARNING/ForkPoolWorker-6] 读了
[2020-09-01 11:26:29,851: WARNING/ForkPoolWorker-6] 读了
[2020-09-01 11:26:30,352: WARNING/ForkPoolWorker-6] 读了
[2020-09-01 11:26:30,853: WARNING/ForkPoolWorker-6] 读了
[2020-09-01 11:26:31,354: WARNING/ForkPoolWorker-6] 读了
[2020-09-01 11:26:31,855: WARNING/ForkPoolWorker-6] 读了
[2020-09-01 11:26:32,356: WARNING/ForkPoolWorker-6] 读了
[2020-09-01 11:26:32,858: WARNING/ForkPoolWorker-6] 读了
[2020-09-01 11:26:33,359: WARNING/ForkPoolWorker-6] 读了
[2020-09-01 11:45:35,492: WARNING/ForkPoolWorker-6] 读了
[2020-09-01 11:45:35,993: WARNING/ForkPoolWorker-6] 读了
[2020-09-01 11:45:36,494: WARNING/ForkPoolWorker-6] 读了
[2020-09-01 11:45:36,995: WARNING/ForkPoolWorker-6] 读了
[2020-09-01 11:45:37,496: WARNING/ForkPoolWorker-6] 读了
[2020-09-01 11:45:37,997: WARNING/ForkPoolWorker-6] 读了
[2020-09-01 11:45:38,498: WARNING/ForkPoolWorker-6] 读了
[2020-09-01 11:45:38,999: WARNING/ForkPoolWorker-6] 读了
[2020-09-01 11:45:38,999: WARNING/ForkPoolWorker-6] 1.119.145.46 - - [01/Sep/2020:11:45:38 +0800] "GET /webchat/chat/ HTTP/1.1" 200 1906 "-" "Mozilla/5.0 (Macintosh; Intel Mac OS X 10_15_2) AppleWebKit/537.36 (KHTML, like Gecko) Chrome/84.0.4147.125 Safari/537.36" "-"
[2020-09-01 11:45:38,999: INFO/ForkPoolWorker-6] webchat.tasks.tailf[83882e4f-4272-4fe1-8517-1f3c33ecb374]: 监听中: specific.eb5a9847a5774b489e8389488d22cf53!44582cc0a8e84a77b7018f21d5b5aa62 + 1.119.145.46 - - [01/Sep/2020:11:45:38 +0800] "GET /webchat/chat/ HTTP/1.1" 200 1906 "-" "Mozilla/5.0 (Macintosh; Intel Mac OS X 10_15_2) AppleWebKit/537.36 (KHTML, like Gecko) Chrome/84.0.4147.125 Safari/537.36" "-"

[2020-09-01 11:45:39,005: WARNING/ForkPoolWorker-6] 读了
[2020-09-01 11:45:39,510: WARNING/ForkPoolWorker-6] 读了
[2020-09-01 11:45:40,011: WARNING/ForkPoolWorker-6] 读了
[2020-09-01 11:45:40,011: WARNING/ForkPoolWorker-6] 1.119.145.46 - - [01/Sep/2020:11:45:39 +0800] "GET /static/img/favicon.ico HTTP/1.1" 200 1150 "http://47.100.114.188/webchat/chat/" "Mozilla/5.0 (Macintosh; Intel Mac OS X 10_15_2) AppleWebKit/537.36 (KHTML, like Gecko) Chrome/84.0.4147.125 Safari/537.36" "-"
[2020-09-01 11:45:40,011: INFO/ForkPoolWorker-6] webchat.tasks.tailf[83882e4f-4272-4fe1-8517-1f3c33ecb374]: 监听中: specific.eb5a9847a5774b489e8389488d22cf53!44582cc0a8e84a77b7018f21d5b5aa62 + 1.119.145.46 - - [01/Sep/2020:11:45:39 +0800] "GET /static/img/favicon.ico HTTP/1.1" 200 1150 "http://47.100.114.188/webchat/chat/" "Mozilla/5.0 (Macintosh; Intel Mac OS X 10_15_2) AppleWebKit/537.36 (KHTML, like Gecko) Chrome/84.0.4147.125 Safari/537.36" "-"

[2020-09-01 11:45:40,017: WARNING/ForkPoolWorker-6] 读了
[2020-09-01 11:45:40,518: WARNING/ForkPoolWorker-6] 读了
[2020-09-01 11:45:41,019: WARNING/ForkPoolWorker-6] 读了
[2020-09-01 11:45:41,520: WARNING/ForkPoolWorker-6] 读了
[2020-09-01 11:45:42,021: WARNING/ForkPoolWorker-6] 读了
[2020-09-01 11:45:42,522: WARNING/ForkPoolWorker-6] 读了
[2020-09-01 11:45:43,023: WARNING/ForkPoolWorker-6] 读了
[2020-09-01 11:45:43,524: WARNING/ForkPoolWorker-6] 读了
[2020-09-01 11:45:44,025: WARNING/ForkPoolWorker-6] 读了
[2020-09-01 11:45:44,526: WARNING/ForkPoolWorker-6] 读了
[2020-09-01 11:45:45,026: WARNING/ForkPoolWorker-6] 读了
[2020-09-01 11:45:45,527: WARNING/ForkPoolWorker-6] 读了
[2020-09-01 11:45:46,028: WARNING/ForkPoolWorker-6] 读了
[2020-09-01 11:45:46,529: WARNING/ForkPoolWorker-6] 读了
[2020-09-01 11:45:47,030: WARNING/ForkPoolWorker-6] 读了
[2020-09-01 11:45:47,532: WARNING/ForkPoolWorker-6] 读了
[2020-09-01 11:45:48,033: WARNING/ForkPoolWorker-6] 读了
[2020-09-01 11:45:48,534: WARNING/ForkPoolWorker-6] 读了
[2020-09-01 11:45:49,035: WARNING/ForkPoolWorker-6] 读了
[2020-09-01 11:45:49,536: WARNING/ForkPoolWorker-6] 读了
[2020-09-01 11:45:50,037: WARNING/ForkPoolWorker-6] 读了
[2020-09-01 11:45:50,538: WARNING/ForkPoolWorker-6] 读了
[2020-09-01 11:45:51,039: WARNING/ForkPoolWorker-6] 读了
[2020-09-01 11:45:51,540: WARNING/ForkPoolWorker-6] 读了
[2020-09-01 11:45:52,041: WARNING/ForkPoolWorker-6] 读了
[2020-09-01 11:45:52,542: WARNING/ForkPoolWorker-6] 读了
[2020-09-01 11:45:53,043: WARNING/ForkPoolWorker-6] 读了
[2020-09-01 11:45:53,544: WARNING/ForkPoolWorker-6] 读了
[2020-09-01 11:45:54,045: WARNING/ForkPoolWorker-6] 读了
[2020-09-01 11:45:54,546: WARNING/ForkPoolWorker-6] 读了
[2020-09-01 11:45:55,046: WARNING/ForkPoolWorker-6] 读了
[2020-09-01 11:45:55,551: WARNING/ForkPoolWorker-6] 读了
[2020-09-01 11:45:56,052: WARNING/ForkPoolWorker-6] 读了
[2020-09-01 11:45:56,553: WARNING/ForkPoolWorker-6] 读了
[2020-09-01 11:45:57,054: WARNING/ForkPoolWorker-6] 读了
[2020-09-01 11:45:57,555: WARNING/ForkPoolWorker-6] 读了
[2020-09-01 11:45:58,056: WARNING/ForkPoolWorker-6] 读了
[2020-09-01 11:45:58,557: WARNING/ForkPoolWorker-6] 读了
[2020-09-01 11:45:59,058: WARNING/ForkPoolWorker-6] 读了
[2020-09-01 11:45:59,559: WARNING/ForkPoolWorker-6] 读了
[2020-09-01 11:46:00,060: WARNING/ForkPoolWorker-6] 读了
[2020-09-01 11:46:00,560: WARNING/ForkPoolWorker-6] 读了
[2020-09-01 11:46:01,061: WARNING/ForkPoolWorker-6] 读了
[2020-09-01 11:46:01,562: WARNING/ForkPoolWorker-6] 读了
[2020-09-01 11:46:02,063: WARNING/ForkPoolWorker-6] 读了
[2020-09-01 11:46:02,564: WARNING/ForkPoolWorker-6] 读了
[2020-09-01 11:46:03,065: WARNING/ForkPoolWorker-6] 读了
[2020-09-01 11:46:03,574: WARNING/ForkPoolWorker-6] 读了
[2020-09-01 11:46:04,074: WARNING/ForkPoolWorker-6] 读了
[2020-09-01 11:46:04,575: WARNING/ForkPoolWorker-6] 读了
[2020-09-01 11:46:05,076: WARNING/ForkPoolWorker-6] 读了
[2020-09-01 11:46:05,577: WARNING/ForkPoolWorker-6] 读了
[2020-09-01 11:46:06,078: WARNING/ForkPoolWorker-6] 读了
[2020-09-01 11:46:06,579: WARNING/ForkPoolWorker-6] 读了
[2020-09-01 11:46:07,079: WARNING/ForkPoolWorker-6] 读了
[2020-09-01 11:46:07,580: WARNING/ForkPoolWorker-6] 读了
[2020-09-01 11:46:08,081: WARNING/ForkPoolWorker-6] 读了
[2020-09-01 11:46:08,582: WARNING/ForkPoolWorker-6] 读了
[2020-09-01 11:46:09,083: WARNING/ForkPoolWorker-6] 读了
[2020-09-01 11:46:09,584: WARNING/ForkPoolWorker-6] 读了
[2020-09-01 11:46:10,085: WARNING/ForkPoolWorker-6] 读了
[2020-09-01 11:46:10,586: WARNING/ForkPoolWorker-6] 读了
[2020-09-01 11:46:11,087: WARNING/ForkPoolWorker-6] 读了
[2020-09-01 11:46:11,588: WARNING/ForkPoolWorker-6] 读了
[2020-09-01 11:46:12,089: WARNING/ForkPoolWorker-6] 读了
[2020-09-01 11:46:12,590: WARNING/ForkPoolWorker-6] 读了
[2020-09-01 11:46:13,091: WARNING/ForkPoolWorker-6] 读了
[2020-09-01 11:46:13,592: WARNING/ForkPoolWorker-6] 读了
[2020-09-01 11:46:14,093: WARNING/ForkPoolWorker-6] 读了
[2020-09-01 11:46:14,594: WARNING/ForkPoolWorker-6] 读了
[2020-09-01 11:46:15,094: WARNING/ForkPoolWorker-6] 读了
[2020-09-01 11:46:15,595: WARNING/ForkPoolWorker-6] 读了
[2020-09-01 11:46:16,096: WARNING/ForkPoolWorker-6] 读了
[2020-09-01 11:46:16,597: WARNING/ForkPoolWorker-6] 读了
[2020-09-01 11:46:17,098: WARNING/ForkPoolWorker-6] 读了
[2020-09-01 11:46:17,599: WARNING/ForkPoolWorker-6] 读了
[2020-09-01 11:46:18,099: WARNING/ForkPoolWorker-6] 读了
[2020-09-01 11:46:18,600: WARNING/ForkPoolWorker-6] 读了
[2020-09-01 11:46:19,104: WARNING/ForkPoolWorker-6] 读了
[2020-09-01 11:46:19,604: WARNING/ForkPoolWorker-6] 读了
[2020-09-01 11:46:20,105: WARNING/ForkPoolWorker-6] 读了
[2020-09-01 11:46:20,606: WARNING/ForkPoolWorker-6] 读了
[2020-09-01 11:46:21,107: WARNING/ForkPoolWorker-6] 读了
[2020-09-01 11:46:21,608: WARNING/ForkPoolWorker-6] 读了
[2020-09-01 11:46:22,109: WARNING/ForkPoolWorker-6] 读了
[2020-09-01 11:46:22,610: WARNING/ForkPoolWorker-6] 读了
[2020-09-01 11:46:23,111: WARNING/ForkPoolWorker-6] 读了
[2020-09-01 11:46:23,612: WARNING/ForkPoolWorker-6] 读了
[2020-09-01 11:46:24,113: WARNING/ForkPoolWorker-6] 读了
[2020-09-01 11:46:24,614: WARNING/ForkPoolWorker-6] 读了
[2020-09-01 11:46:25,115: WARNING/ForkPoolWorker-6] 读了
[2020-09-01 11:46:25,616: WARNING/ForkPoolWorker-6] 读了
[2020-09-01 11:46:26,117: WARNING/ForkPoolWorker-6] 读了
[2020-09-01 11:46:26,618: WARNING/ForkPoolWorker-6] 读了
[2020-09-01 11:46:27,118: WARNING/ForkPoolWorker-6] 读了
[2020-09-01 11:46:27,619: WARNING/ForkPoolWorker-6] 读了
[2020-09-01 11:46:28,120: WARNING/ForkPoolWorker-6] 读了
[2020-09-01 11:46:28,621: WARNING/ForkPoolWorker-6] 读了
[2020-09-01 11:46:29,122: WARNING/ForkPoolWorker-6] 读了
[2020-09-01 11:46:29,623: WARNING/ForkPoolWorker-6] 读了
[2020-09-01 11:46:30,124: WARNING/ForkPoolWorker-6] 读了
[2020-09-01 11:46:30,625: WARNING/ForkPoolWorker-6] 读了
[2020-09-01 11:46:31,126: WARNING/ForkPoolWorker-6] 读了
[2020-09-01 11:46:31,627: WARNING/ForkPoolWorker-6] 读了
[2020-09-01 11:46:32,128: WARNING/ForkPoolWorker-6] 读了
[2020-09-01 11:46:32,629: WARNING/ForkPoolWorker-6] 读了
[2020-09-01 11:46:33,130: WARNING/ForkPoolWorker-6] 读了
[2020-09-01 11:46:33,631: WARNING/ForkPoolWorker-6] 读了
[2020-09-01 11:46:34,132: WARNING/ForkPoolWorker-6] 读了
[2020-09-01 11:46:34,633: WARNING/ForkPoolWorker-6] 读了
[2020-09-01 11:46:35,134: WARNING/ForkPoolWorker-6] 读了
[2020-09-01 11:46:35,635: WARNING/ForkPoolWorker-6] 读了
[2020-09-01 11:46:36,136: WARNING/ForkPoolWorker-6] 读了
[2020-09-01 11:46:36,637: WARNING/ForkPoolWorker-6] 读了
[2020-09-01 11:46:37,138: WARNING/ForkPoolWorker-6] 读了
[2020-09-01 11:46:37,638: WARNING/ForkPoolWorker-6] 读了
[2020-09-01 11:46:38,139: WARNING/ForkPoolWorker-6] 读了
[2020-09-01 11:46:38,640: WARNING/ForkPoolWorker-6] 读了
[2020-09-01 11:46:39,141: WARNING/ForkPoolWorker-6] 读了
[2020-09-01 11:46:39,642: WARNING/ForkPoolWorker-6] 读了
[2020-09-01 11:46:40,143: WARNING/ForkPoolWorker-6] 读了
[2020-09-01 11:46:40,644: WARNING/ForkPoolWorker-6] 读了
[2020-09-01 11:46:41,151: WARNING/ForkPoolWorker-6] 读了
[2020-09-01 11:46:41,652: WARNING/ForkPoolWorker-6] 读了
[2020-09-01 11:46:42,152: WARNING/ForkPoolWorker-6] 读了
[2020-09-01 11:46:42,653: WARNING/ForkPoolWorker-6] 读了
[2020-09-01 11:46:43,154: WARNING/ForkPoolWorker-6] 读了
[2020-09-01 11:46:43,655: WARNING/ForkPoolWorker-6] 读了
[2020-09-01 11:46:44,156: WARNING/ForkPoolWorker-6] 读了
[2020-09-01 11:46:44,657: WARNING/ForkPoolWorker-6] 读了
[2020-09-01 11:46:45,158: WARNING/ForkPoolWorker-6] 读了
[2020-09-01 11:46:45,659: WARNING/ForkPoolWorker-6] 读了
[2020-09-01 11:46:46,160: WARNING/ForkPoolWorker-6] 读了
[2020-09-01 11:46:46,661: WARNING/ForkPoolWorker-6] 读了
[2020-09-01 11:46:47,162: WARNING/ForkPoolWorker-6] 读了
[2020-09-01 11:46:47,663: WARNING/ForkPoolWorker-6] 读了
[2020-09-01 11:46:48,164: WARNING/ForkPoolWorker-6] 读了
[2020-09-01 11:46:48,665: WARNING/ForkPoolWorker-6] 读了
[2020-09-01 11:46:49,166: WARNING/ForkPoolWorker-6] 读了
[2020-09-01 11:46:49,666: WARNING/ForkPoolWorker-6] 读了
[2020-09-01 11:46:50,167: WARNING/ForkPoolWorker-6] 读了
[2020-09-01 11:46:50,668: WARNING/ForkPoolWorker-6] 读了
[2020-09-01 11:46:51,169: WARNING/ForkPoolWorker-6] 读了
[2020-09-01 11:46:51,670: WARNING/ForkPoolWorker-6] 读了
[2020-09-01 11:46:52,171: WARNING/ForkPoolWorker-6] 读了
[2020-09-01 11:46:52,672: WARNING/ForkPoolWorker-6] 读了
[2020-09-01 11:46:53,173: WARNING/ForkPoolWorker-6] 读了
