[2020-09-01 11:23:32,713: INFO/MainProcess] Connected to amqp://guest:**@127.0.0.1:5672//
[2020-09-01 11:23:32,727: INFO/MainProcess] mingle: searching for neighbors
[2020-09-01 11:23:33,751: INFO/MainProcess] mingle: all alone
[2020-09-01 11:23:33,767: WARNING/MainProcess] /home/workon/env/envbuild/ddjango/lib/python3.7/site-packages/celery/fixups/django.py:206: UserWarning: Using settings.DEBUG leads to a memory
            leak, never use this setting in production environments!
  leak, never use this setting in production environments!''')
[2020-09-01 11:23:33,768: INFO/MainProcess] worker@geeker ready.
[2020-09-01 11:24:08,549: INFO/MainProcess] Received task: webchat.tasks.tailf[7953cf09-e6f5-4480-9006-d0bf1976ea02]  
[2020-09-01 11:26:33,718: INFO/MainProcess] Terminating 7953cf09-e6f5-4480-9006-d0bf1976ea02 (Signals.SIGTERM)
[2020-09-01 11:26:33,741: ERROR/MainProcess] Task handler raised error: Terminated(15)
Traceback (most recent call last):
  File "/home/workon/env/envbuild/ddjango/lib/python3.7/site-packages/billiard/pool.py", line 1774, in _set_terminated
    raise Terminated(-(signum or 0))
billiard.exceptions.Terminated: 15
[2020-09-01 11:45:14,625: INFO/MainProcess] Connected to amqp://guest:**@127.0.0.1:5672//
[2020-09-01 11:45:14,636: INFO/MainProcess] mingle: searching for neighbors
[2020-09-01 11:45:15,661: INFO/MainProcess] mingle: all alone
[2020-09-01 11:45:15,679: WARNING/MainProcess] /home/workon/env/envbuild/ddjango/lib/python3.7/site-packages/celery/fixups/django.py:206: UserWarning: Using settings.DEBUG leads to a memory
            leak, never use this setting in production environments!
  leak, never use this setting in production environments!''')
[2020-09-01 11:45:15,679: INFO/MainProcess] worker@geeker ready.
[2020-09-01 11:45:35,474: INFO/MainProcess] Received task: webchat.tasks.tailf[83882e4f-4272-4fe1-8517-1f3c33ecb374]  
[2020-09-01 11:46:53,472: INFO/MainProcess] Terminating 83882e4f-4272-4fe1-8517-1f3c33ecb374 (Signals.SIGTERM)
[2020-09-01 11:46:53,494: ERROR/MainProcess] Task handler raised error: Terminated(15)
Traceback (most recent call last):
  File "/home/workon/env/envbuild/ddjango/lib/python3.7/site-packages/billiard/pool.py", line 1774, in _set_terminated
    raise Terminated(-(signum or 0))
billiard.exceptions.Terminated: 15
[2020-09-01 11:47:38,454: INFO/MainProcess] Connected to amqp://guest:**@127.0.0.1:5672//
[2020-09-01 11:47:38,465: INFO/MainProcess] mingle: searching for neighbors
[2020-09-01 11:47:39,491: INFO/MainProcess] mingle: all alone
[2020-09-01 11:47:39,508: WARNING/MainProcess] /home/workon/env/envbuild/ddjango/lib/python3.7/site-packages/celery/fixups/django.py:206: UserWarning: Using settings.DEBUG leads to a memory
            leak, never use this setting in production environments!
  leak, never use this setting in production environments!''')
[2020-09-01 11:47:39,508: INFO/MainProcess] worker@geeker ready.
[2020-09-01 11:58:35,207: INFO/MainProcess] Received task: webchat.tasks.tailf[ca6e0849-0ed9-4162-9f09-22cf4cff1115]  
[2020-09-01 11:58:47,036: INFO/MainProcess] Terminating ca6e0849-0ed9-4162-9f09-22cf4cff1115 (Signals.SIGTERM)
[2020-09-01 11:58:47,058: ERROR/MainProcess] Task handler raised error: Terminated(15)
Traceback (most recent call last):
  File "/home/workon/env/envbuild/ddjango/lib/python3.7/site-packages/billiard/pool.py", line 1774, in _set_terminated
    raise Terminated(-(signum or 0))
billiard.exceptions.Terminated: 15
