[2020-08-17 15:36:13,478: WARNING/ForkPoolWorker-5] 查询成功，返回结果 张三
[2020-08-17 15:36:14,148: INFO/ForkPoolWorker-5] Task app01.tasks.select[523b572b-ceba-437c-8431-c5834562b1c7] succeeded in 0.6859566139755771s: {'name': '张三', 'res': '
<!DOCTYPE html>

<html class="theme-next pisces use-motion" lang="zh-Hans">
<head>
    <meta charset="UTF-8"/>
    <meta http-equiv="X-UA-Compatible" content="IE=edge"/>
    <meta name="viewport" content="width=device-width, initial-scale=1, maximum-scale=1"/>
        <meta name="theme-color" content="#000000">

        <script src="http://geekae.top/themes/iissnan_next/source/lib/pace/pace.min.js?v=1.0.2"></script>
        <link href="http://geekae.top/themes/iissnan_next/source/lib/pace/pace-theme-minimal.min.css?v=1.0.2" rel="stylesheet">

        <link rel="stylesheet" media="all" href="http://geekae.top/themes/iissnan_next/source/lib/Han/dist/han.min.css?v=3.3">

    <meta name="generator" content="Halo 1.3.2"/>
        <link rel="shortcut icon" type="images/x-icon" href="https://i.loli.net/2020/04/10/h3PsG7OZzyDQB9m.png">
    <meta name="google-site-verification" content="-KJ1b5KAVYpkiNcndjKO5W7pJWn70dBKaClpvW1zwmI" />

    <meta http-equiv="Cache-Control"...'}
[2020-08-17 15:36:37,021: WARNING/ForkPoolWorker-5] 查询成功，返回结果 张三
[2020-08-17 15:36:37,701: INFO/ForkPoolWorker-5] Task app01.tasks.select[cf0e075e-1302-4356-92e7-000a10ceab70] succeeded in 0.6850860189879313s: {'name': '张三', 'res': '
<!DOCTYPE html>

<html class="theme-next pisces use-motion" lang="zh-Hans">
<head>
    <meta charset="UTF-8"/>
    <meta http-equiv="X-UA-Compatible" content="IE=edge"/>
    <meta name="viewport" content="width=device-width, initial-scale=1, maximum-scale=1"/>
        <meta name="theme-color" content="#000000">

        <script src="http://geekae.top/themes/iissnan_next/source/lib/pace/pace.min.js?v=1.0.2"></script>
        <link href="http://geekae.top/themes/iissnan_next/source/lib/pace/pace-theme-minimal.min.css?v=1.0.2" rel="stylesheet">

        <link rel="stylesheet" media="all" href="http://geekae.top/themes/iissnan_next/source/lib/Han/dist/han.min.css?v=3.3">

    <meta name="generator" content="Halo 1.3.2"/>
        <link rel="shortcut icon" type="images/x-icon" href="https://i.loli.net/2020/04/10/h3PsG7OZzyDQB9m.png">
    <meta name="google-site-verification" content="-KJ1b5KAVYpkiNcndjKO5W7pJWn70dBKaClpvW1zwmI" />

    <meta http-equiv="Cache-Control"...'}
